<?xml version="1.0" encoding="UTF-8"?>
<!-- Generated by org.testng.reporters.JUnitReportReporter -->
<testsuite hostname="inbl01lap04326" failures="0" tests="3" name="com.learn.tests.HomepageTest" time="47.403" errors="0" timestamp="2021-06-09T14:49:36 IST" skipped="0">
  <testcase classname="com.learn.tests.HomepageTest" name="test3" time="16.223"/>
  <system-out/>
  <testcase classname="com.learn.tests.HomepageTest" name="test4" time="13.621"/>
  <system-out/>
  <testcase classname="com.learn.tests.HomepageTest" name="test2" time="17.559"/>
  <system-out/>
</testsuite> <!-- com.learn.tests.HomepageTest -->
