<?xml version="1.0" encoding="UTF-8"?>
<!-- Generated by org.testng.reporters.JUnitReportReporter -->
<testsuite hostname="inbl01lap04326" failures="0" tests="1" name="com.learn.reports.ReportDemo" time="4.531" errors="0" timestamp="2021-06-10T10:49:40 IST" skipped="0">
  <testcase classname="com.learn.reports.ReportDemo" name="test1" time="4.531"/>
  <system-out/>
</testsuite> <!-- com.learn.reports.ReportDemo -->
