<?xml version="1.0" encoding="UTF-8"?>
<!-- Generated by org.testng.reporters.JUnitReportReporter -->
<testsuite hostname="inbl01lap04326" failures="0" tests="1" name="com.learn.tests.LoginPageTest" time="16.929" errors="0" timestamp="2021-06-09T14:49:36 IST" skipped="0">
  <testcase classname="com.learn.tests.LoginPageTest" name="test1" time="16.929"/>
  <system-out/>
</testsuite> <!-- com.learn.tests.LoginPageTest -->
