<?xml version="1.0" encoding="UTF-8"?>
<!-- Generated by org.testng.reporters.JUnitReportReporter -->
<testsuite hostname="inbl01lap04326" failures="0" tests="3" name="com.learn.tests.DataProviderWithExcel" time="0.007" errors="0" timestamp="2021-06-09T19:58:32 IST" skipped="0">
  <testcase classname="com.learn.tests.DataProviderWithExcel" name="test1" time="0.005"/>
  <system-out/>
  <testcase classname="com.learn.tests.DataProviderWithExcel" name="test1" time="0.001"/>
  <system-out/>
  <testcase classname="com.learn.tests.DataProviderWithExcel" name="test1" time="0.001"/>
  <system-out/>
</testsuite> <!-- com.learn.tests.DataProviderWithExcel -->
