<?xml version="1.0" encoding="UTF-8"?>
<!-- Generated by org.testng.reporters.JUnitReportReporter -->
<testsuite skipped="0" hostname="inbl01lap04326" name="com.learn.tests.SauceTest" tests="2" failures="0" timestamp="2021-06-10T20:22:53 IST" time="29.371" errors="0">
  <testcase name="test4" time="14.477" classname="com.learn.tests.SauceTest"/>
  <system-out/>
  <testcase name="test3" time="14.894" classname="com.learn.tests.SauceTest"/>
  <system-out/>
</testsuite> <!-- com.learn.tests.SauceTest -->
